<?xml version="1.0" encoding="UTF-8"?>
<!-- Generated by org.testng.reporters.JUnitXMLReporter -->
<testsuite ignored="0" hostname="muz" failures="0" tests="5" name="Surefire test" time="72.134" errors="0" timestamp="2021-04-02T16:42:25 BST">
  <testcase classname="com.expedia.flightsbooking.TestNG_Grouping" name="testAudiA6" time="0.001"/>
  <testcase classname="com.expedia.flightsbooking.TestNG_Grouping" name="testBMWX6" time="0.001"/>
  <testcase classname="com.expedia.flightsbooking.TestNG_Grouping" name="testNinja" time="0.001"/>
  <testcase classname="com.expedia.flightsbooking.TestNG_Grouping" name="testHondaCBR" time="0.0"/>
  <testcase classname="com.expedia.flightsbooking.TestNG_TestSuite" name="fillBasicInfo" time="36.731"/>
</testsuite> <!-- Surefire test -->
