<?xml version="1.0" encoding="UTF-8"?>
<!-- Generated by org.testng.reporters.JUnitXMLReporter -->
<testsuite ignored="2" hostname="muz" failures="0" tests="2" name="GroupsDemo" time="0.071" errors="0" timestamp="2021-05-04T19:25:03 BST">
  <testcase classname="com.expedia.flightsbooking.TestNG_Grouping" name="testAudiA6" time="0.006"/>
  <testcase classname="com.expedia.flightsbooking.TestNG_Grouping" name="testBMWX6" time="0.001"/>
  <testcase classname="com.expedia.flightsbooking.TestNG_Grouping" name="testNinja" time="0.0">
    <ignored/>
  </testcase> <!-- testNinja -->
  <testcase classname="com.expedia.flightsbooking.TestNG_Grouping" name="testHondaCBR" time="0.0">
    <ignored/>
  </testcase> <!-- testHondaCBR -->
</testsuite> <!-- GroupsDemo -->
